<?xml version="1.0" encoding="UTF-8"?>
<!-- Generated by org.testng.reporters.JUnitReportReporter -->
<testsuite hostname="DESKTOP-3EL3S29" failures="0" tests="1" name="crm.qa.ProductPageTest.ProductPageTest" time="0.000" errors="0" timestamp="10 Apr 2020 20:37:08 GMT" skipped="1">
  <testcase classname="crm.qa.ProductPageTest.ProductPageTest" name="selectSubMenu" time="0.000">
    <skipped/>
  </testcase> <!-- selectSubMenu -->
</testsuite> <!-- crm.qa.ProductPageTest.ProductPageTest -->
